
[2024-01-11T15:25:16.455802+01:00] comments_logger.INFO: Received a DELETE request for comment with ID: {"comment_id":11,"user_id":16} [] []
[2024-01-11T15:38:35.064374+01:00] comments_logger.INFO: Received a DELETE request for comment with ID: {"comment_id":11,"user_id":16} [] []
[2024-01-11T15:42:57.039825+01:00] comments_logger.INFO: Received a DELETE request for comment with ID: {"comment_id":11,"user_id":16} [] []
[2024-01-11T15:48:09.404873+01:00] comments_logger.INFO: Received a DELETE request for comment with ID: {"comment_id":11,"user_id":16} [] []
[2024-01-11T15:54:52.318664+01:00] comments_logger.INFO: $commentId 11 [] []
[2024-01-11T15:55:54.236267+01:00] comments_logger.INFO: $data{"comment_id":11,"user_id":16} [] []
[2024-01-11T15:57:51.241364+01:00] comments_logger.INFO: $commentId11 [] []
[2024-01-11T15:57:51.243740+01:00] comments_logger.INFO: $user_idnull [] []
[2024-01-11T16:10:16.445188+01:00] comments_logger.INFO: $commentId: 11 [] []
[2024-01-11T16:10:16.497465+01:00] comments_logger.INFO: $user_id:  [] []
[2024-01-11T16:10:16.498153+01:00] comments_logger.INFO: $commentId11 [] []
[2024-01-11T16:10:16.498211+01:00] comments_logger.INFO: $user_idnull [] []
[2024-01-11T16:36:43.576922+01:00] comments_logger.INFO: $commentId: 11 [] []
[2024-01-11T16:36:43.578673+01:00] comments_logger.INFO: $user_id:  [] []
[2024-01-11T16:36:43.578973+01:00] comments_logger.INFO: $commentId11 [] []
[2024-01-11T16:36:43.579021+01:00] comments_logger.INFO: $user_idnull [] []
[2024-01-11T16:42:31.598809+01:00] comments_logger.INFO: $commentId: 11 [] []
[2024-01-11T16:42:31.600437+01:00] comments_logger.INFO: $user_id:  [] []
[2024-01-11T16:42:31.600819+01:00] comments_logger.INFO: $commentId11 [] []
[2024-01-11T16:42:31.600880+01:00] comments_logger.INFO: $user_idnull [] []
[2024-01-11T16:54:35.753164+01:00] comments_logger.INFO: $commentId: 11 [] []
[2024-01-11T16:54:35.755015+01:00] comments_logger.INFO: $user_id:  [] []
[2024-01-11T16:54:35.755390+01:00] comments_logger.INFO: $commentId11 [] []
[2024-01-11T16:54:35.755448+01:00] comments_logger.INFO: $user_idnull [] []
[2024-01-11T17:02:08.703304+01:00] comments_logger.INFO: $commentId: 11 [] []
[2024-01-11T17:02:08.704901+01:00] comments_logger.INFO: $user_id:  [] []
[2024-01-11T17:02:08.705272+01:00] comments_logger.INFO: $commentId11 [] []
[2024-01-11T17:02:08.705330+01:00] comments_logger.INFO: $user_idnull [] []
[2024-01-11T17:04:51.850173+01:00] comments_logger.INFO: $commentId: 11 [] []
[2024-01-11T17:04:51.851858+01:00] comments_logger.INFO: $user_id:  [] []
[2024-01-11T17:04:51.852242+01:00] comments_logger.INFO: $commentId11 [] []
[2024-01-11T17:04:51.852300+01:00] comments_logger.INFO: $user_idnull [] []
[2024-01-11T17:08:52.903958+01:00] comments_logger.INFO: $commentId: 11 [] []
[2024-01-11T17:08:52.907245+01:00] comments_logger.INFO: $user_id:  [] []
[2024-01-11T17:08:52.907520+01:00] comments_logger.INFO: $commentId11 [] []
[2024-01-11T17:08:52.907569+01:00] comments_logger.INFO: $user_idnull [] []
[2024-01-11T17:17:14.264685+01:00] comments_logger.INFO: $commentId: 11 [] []
[2024-01-11T17:17:14.267198+01:00] comments_logger.INFO: $user_id:  [] []
[2024-01-11T17:20:38.895009+01:00] comments_logger.INFO: $commentId: 11 [] []
[2024-01-11T17:20:38.896760+01:00] comments_logger.INFO: $user_id:  [] []
[2024-01-11T17:20:38.897138+01:00] comments_logger.INFO: $commentId11 [] []
[2024-01-11T17:20:38.897194+01:00] comments_logger.INFO: $user_idnull [] []
[2024-01-11T17:25:25.438924+01:00] comments_logger.INFO: $commentId: 11 [] []
[2024-01-11T17:25:25.441562+01:00] comments_logger.INFO: $user_id:  [] []
[2024-01-11T17:25:25.442053+01:00] comments_logger.INFO: $commentId11 [] []
[2024-01-11T17:25:25.442131+01:00] comments_logger.INFO: $user_idnull [] []
[2024-01-11T17:28:08.591706+01:00] comments_logger.INFO: $commentId: 11 [] []
[2024-01-11T17:28:08.593828+01:00] comments_logger.INFO: $user_id:  [] []
[2024-01-11T17:28:08.594117+01:00] comments_logger.INFO: $commentId11 [] []
[2024-01-11T17:28:08.594165+01:00] comments_logger.INFO: $user_idnull [] []
[2024-01-11T17:28:44.295398+01:00] comments_logger.INFO: $commentId: 11 [] []
[2024-01-11T17:28:44.297094+01:00] comments_logger.INFO: $user_id:  [] []
[2024-01-11T17:30:23.210075+01:00] comments_logger.INFO: $commentId: 11 [] []
[2024-01-11T17:30:23.212298+01:00] comments_logger.INFO: $user_id:  [] []
[2024-01-11T17:30:23.212732+01:00] comments_logger.INFO: $commentId11 [] []
[2024-01-11T17:30:23.212811+01:00] comments_logger.INFO: $user_idnull [] []
[2024-01-11T17:43:04.962460+01:00] comments_logger.INFO: $commentId: 11 [] []
[2024-01-11T17:43:04.964559+01:00] comments_logger.INFO: $commentId11 [] []
[2024-01-11T18:02:29.118351+01:00] comments_logger.INFO: $commentId: 10 [] []
[2024-01-11T18:02:29.123820+01:00] comments_logger.INFO: $commentId10 [] []
[2024-01-11T18:11:03.513210+01:00] comments_logger.INFO: $commentId: 10 [] []
[2024-01-11T18:11:03.515110+01:00] comments_logger.INFO: $commentId10 [] []
[2024-01-11T18:11:18.466574+01:00] comments_logger.INFO: $commentId: 10 [] []
[2024-01-11T18:11:18.468469+01:00] comments_logger.INFO: $commentId10 [] []
